c:\users\petro\source\repos\graphicsaueb2018\graphicsaueb2018\cgproject2018\x64\debug\vc141.pdb
c:\users\petro\source\repos\graphicsaueb2018\graphicsaueb2018\cgproject2018\x64\debug\vc141.idb
c:\users\petro\source\repos\graphicsaueb2018\graphicsaueb2018\cgproject2018\x64\debug\main.obj
c:\users\petro\source\repos\graphicsaueb2018\graphicsaueb2018\cgproject2018\x64\debug\treasurechest.obj
c:\users\petro\source\repos\graphicsaueb2018\graphicsaueb2018\cgproject2018\x64\debug\tower.obj
c:\users\petro\source\repos\graphicsaueb2018\graphicsaueb2018\cgproject2018\x64\debug\tools.obj
c:\users\petro\source\repos\graphicsaueb2018\graphicsaueb2018\cgproject2018\x64\debug\texturemanager.obj
c:\users\petro\source\repos\graphicsaueb2018\graphicsaueb2018\cgproject2018\x64\debug\spotlightnode.obj
c:\users\petro\source\repos\graphicsaueb2018\graphicsaueb2018\cgproject2018\x64\debug\shaderprogram.obj
c:\users\petro\source\repos\graphicsaueb2018\graphicsaueb2018\cgproject2018\x64\debug\renderer.obj
c:\users\petro\source\repos\graphicsaueb2018\graphicsaueb2018\cgproject2018\x64\debug\pirate.obj
c:\users\petro\source\repos\graphicsaueb2018\graphicsaueb2018\cgproject2018\x64\debug\objloader.obj
c:\users\petro\source\repos\graphicsaueb2018\graphicsaueb2018\cgproject2018\x64\debug\geometrynode.obj
c:\users\petro\source\repos\graphicsaueb2018\graphicsaueb2018\cgproject2018\x64\debug\geometricmesh.obj
c:\users\petro\source\repos\graphicsaueb2018\graphicsaueb2018\cgproject2018\x64\debug\gamestate.obj
c:\users\petro\source\repos\graphicsaueb2018\graphicsaueb2018\cgproject2018\x64\debug\cannonball.obj
c:\users\petro\source\repos\graphicsaueb2018\graphicsaueb2018\cgproject2018\x64\debug\boundingsphere.obj
c:\users\petro\source\repos\graphicsaueb2018\graphicsaueb2018\cgproject2018\x64\debug\particlesystem.obj
c:\users\sotir\source\repos\graphicsaueb2018\x64\debug\cgproject2018.exe
c:\users\sotir\source\repos\graphicsaueb2018\x64\debug\cgproject2018.ilk
c:\users\sotir\source\repos\graphicsaueb2018\x64\debug\cgproject2018.pdb
c:\users\sotir\source\repos\graphicsaueb2018\cgproject2018\x64\debug\boundingsphere.obj
c:\users\sotir\source\repos\graphicsaueb2018\cgproject2018\x64\debug\cannonball.obj
c:\users\sotir\source\repos\graphicsaueb2018\cgproject2018\x64\debug\gamestate.obj
c:\users\sotir\source\repos\graphicsaueb2018\cgproject2018\x64\debug\geometricmesh.obj
c:\users\sotir\source\repos\graphicsaueb2018\cgproject2018\x64\debug\geometrynode.obj
c:\users\sotir\source\repos\graphicsaueb2018\cgproject2018\x64\debug\main.obj
c:\users\sotir\source\repos\graphicsaueb2018\cgproject2018\x64\debug\musicassets.obj
c:\users\sotir\source\repos\graphicsaueb2018\cgproject2018\x64\debug\musicmanager.obj
c:\users\sotir\source\repos\graphicsaueb2018\cgproject2018\x64\debug\objloader.obj
c:\users\sotir\source\repos\graphicsaueb2018\cgproject2018\x64\debug\particlesystem.obj
c:\users\sotir\source\repos\graphicsaueb2018\cgproject2018\x64\debug\pirate.obj
c:\users\sotir\source\repos\graphicsaueb2018\cgproject2018\x64\debug\renderer.obj
c:\users\sotir\source\repos\graphicsaueb2018\cgproject2018\x64\debug\shaderprogram.obj
c:\users\sotir\source\repos\graphicsaueb2018\cgproject2018\x64\debug\spotlightnode.obj
c:\users\sotir\source\repos\graphicsaueb2018\cgproject2018\x64\debug\texturemanager.obj
c:\users\sotir\source\repos\graphicsaueb2018\cgproject2018\x64\debug\tools.obj
c:\users\sotir\source\repos\graphicsaueb2018\cgproject2018\x64\debug\tower.obj
c:\users\sotir\source\repos\graphicsaueb2018\cgproject2018\x64\debug\treasurechest.obj
c:\users\sotir\source\repos\graphicsaueb2018\cgproject2018\x64\debug\vc141.idb
c:\users\sotir\source\repos\graphicsaueb2018\cgproject2018\x64\debug\vc141.pdb
c:\users\sotir\source\repos\graphicsaueb2018\cgproject2018\x64\debug\cgproject2018.tlog\cl.command.1.tlog
c:\users\sotir\source\repos\graphicsaueb2018\cgproject2018\x64\debug\cgproject2018.tlog\cl.read.1.tlog
c:\users\sotir\source\repos\graphicsaueb2018\cgproject2018\x64\debug\cgproject2018.tlog\cl.write.1.tlog
c:\users\sotir\source\repos\graphicsaueb2018\cgproject2018\x64\debug\cgproject2018.tlog\link.command.1.tlog
c:\users\sotir\source\repos\graphicsaueb2018\cgproject2018\x64\debug\cgproject2018.tlog\link.read.1.tlog
c:\users\sotir\source\repos\graphicsaueb2018\cgproject2018\x64\debug\cgproject2018.tlog\link.write.1.tlog
